<?xml version="1.0" encoding="UTF-8"?>
<testsuite xmlns:xsi="http://www.w3.org/2001/XMLSchema-instance" xsi:noNamespaceSchemaLocation="https://maven.apache.org/surefire/maven-surefire-plugin/xsd/surefire-test-report-3.0.xsd" version="3.0" name="ju.edu.jo.test.SampleTest" time="0.326" tests="3" errors="0" skipped="0" failures="0">
  <properties>
[...]
</properties>
  <testcase name="testSummation()" classname="SampleTest" time="0.023">
    <system-out><![CDATA[Test 1
]]></system-out>
    <system-err><![CDATA[Feb 06, 2024 12:38:26 PM org.junit.vintage.engine.discovery.DefensiveAllDefaultPossibilitiesBuilder$DefensiveAnnotatedBuilder buildRunner
WARNING: Ignoring test class using JUnitPlatform runner: ju.edu.jo.test.SampleTest
]]></system-err>
  </testcase>
  <testcase name="testSubtration()" classname="SampleTest" time="0.001">
    <system-out><![CDATA[Test 2
]]></system-out>
  </testcase>
  <testcase name="" classname="JUnit Vintage" time="0.001"/>
</testsuite>